[7.6.2023 г. 18:30:43] Error: Could not find file 'C:\Users\Damyan\Desktop\MentorMate\BookstoreManagementApp\bin\Debug\BookstoreManagement.json'.
StackTrace:    at System.IO.__Error.WinIOError(Int32 errorCode, String maybeFullPath)
   at System.IO.FileStream.Init(String path, FileMode mode, FileAccess access, Int32 rights, Boolean useRights, FileShare share, Int32 bufferSize, FileOptions options, SECURITY_ATTRIBUTES secAttrs, String msgPath, Boolean bFromProxy, Boolean useLongPath, Boolean checkHost)
   at System.IO.FileStream..ctor(String path, FileMode mode, FileAccess access, FileShare share, Int32 bufferSize, FileOptions options, String msgPath, Boolean bFromProxy, Boolean useLongPath, Boolean checkHost)
   at System.IO.StreamReader..ctor(String path, Encoding encoding, Boolean detectEncodingFromByteOrderMarks, Int32 bufferSize, Boolean checkHost)
   at System.IO.File.InternalReadAllText(String path, Encoding encoding, Boolean checkHost)
   at System.IO.File.ReadAllText(String path)
   at BookstoreManagementApp.Classes.Services.JsonHandlerService.ReadJsonFile[T]() in C:\Users\Damyan\Desktop\MentorMate\BookstoreManagementApp\Classes\Services\JsonHandlerService.cs:line 25[7.6.2023 г. 18:33:30] Error: Could not find file 'C:\Users\Damyan\Desktop\MentorMate\BookstoreManagementApp\bin\Debug\BookstoreManagement.json'.
StackTrace:    at System.IO.__Error.WinIOError(Int32 errorCode, String maybeFullPath)
   at System.IO.FileStream.Init(String path, FileMode mode, FileAccess access, Int32 rights, Boolean useRights, FileShare share, Int32 bufferSize, FileOptions options, SECURITY_ATTRIBUTES secAttrs, String msgPath, Boolean bFromProxy, Boolean useLongPath, Boolean checkHost)
   at System.IO.FileStream..ctor(String path, FileMode mode, FileAccess access, FileShare share, Int32 bufferSize, FileOptions options, String msgPath, Boolean bFromProxy, Boolean useLongPath, Boolean checkHost)
   at System.IO.StreamReader..ctor(String path, Encoding encoding, Boolean detectEncodingFromByteOrderMarks, Int32 bufferSize, Boolean checkHost)
   at System.IO.File.InternalReadAllText(String path, Encoding encoding, Boolean checkHost)
   at System.IO.File.ReadAllText(String path)
   at BookstoreManagementApp.Classes.Services.JsonHandlerService.ReadJsonFile[T]() in C:\Users\Damyan\Desktop\MentorMate\BookstoreManagementApp\Classes\Services\JsonHandlerService.cs:line 25[7.6.2023 г. 18:39:53] Error: Could not find file 'C:\Users\Damyan\Desktop\MentorMate\BookstoreManagementApp\bin\Debug\BookstoreManagement.json'.
StackTrace:    at System.IO.__Error.WinIOError(Int32 errorCode, String maybeFullPath)
   at System.IO.FileStream.Init(String path, FileMode mode, FileAccess access, Int32 rights, Boolean useRights, FileShare share, Int32 bufferSize, FileOptions options, SECURITY_ATTRIBUTES secAttrs, String msgPath, Boolean bFromProxy, Boolean useLongPath, Boolean checkHost)
   at System.IO.FileStream..ctor(String path, FileMode mode, FileAccess access, FileShare share, Int32 bufferSize, FileOptions options, String msgPath, Boolean bFromProxy, Boolean useLongPath, Boolean checkHost)
   at System.IO.StreamReader..ctor(String path, Encoding encoding, Boolean detectEncodingFromByteOrderMarks, Int32 bufferSize, Boolean checkHost)
   at System.IO.File.InternalReadAllText(String path, Encoding encoding, Boolean checkHost)
   at System.IO.File.ReadAllText(String path)
   at BookstoreManagementApp.Classes.Services.JsonHandlerService.ReadJsonFile[T]() in C:\Users\Damyan\Desktop\MentorMate\BookstoreManagementApp\Classes\Services\JsonHandlerService.cs:line 25[7.6.2023 г. 18:43:53] Error: Could not find file 'C:\Users\Damyan\Desktop\MentorMate\BookstoreManagementApp\bin\Debug\BookstoreManagement.json'.
StackTrace:    at System.IO.__Error.WinIOError(Int32 errorCode, String maybeFullPath)
   at System.IO.FileStream.Init(String path, FileMode mode, FileAccess access, Int32 rights, Boolean useRights, FileShare share, Int32 bufferSize, FileOptions options, SECURITY_ATTRIBUTES secAttrs, String msgPath, Boolean bFromProxy, Boolean useLongPath, Boolean checkHost)
   at System.IO.FileStream..ctor(String path, FileMode mode, FileAccess access, FileShare share, Int32 bufferSize, FileOptions options, String msgPath, Boolean bFromProxy, Boolean useLongPath, Boolean checkHost)
   at System.IO.StreamReader..ctor(String path, Encoding encoding, Boolean detectEncodingFromByteOrderMarks, Int32 bufferSize, Boolean checkHost)
   at System.IO.File.InternalReadAllText(String path, Encoding encoding, Boolean checkHost)
   at System.IO.File.ReadAllText(String path)
   at BookstoreManagementApp.Classes.Services.JsonHandlerService.ReadJsonFile[T]() in C:\Users\Damyan\Desktop\MentorMate\BookstoreManagementApp\Classes\Services\JsonHandlerService.cs:line 25